<?xml version="1.0" encoding="UTF-8"?>
<!-- Generated by org.testng.reporters.JUnitReportReporter -->
<testsuite hostname="LAPTOP-9HART8E0" failures="0" tests="1" name="text_1.package_infoTest" time="37.578" errors="0" timestamp="10 Aug 2021 09:13:33 GMT" skipped="0">
  <testcase classname="text_1.package_infoTest" name="loginTest" time="37.578"/>
</testsuite> <!-- text_1.package_infoTest -->
